2020 11:25:40 spider.py[line:577] INFO 未搜索到公司
2020 11:25:43 spider.py[line:569] INFO 数据存入mongo成功
2020 11:25:43 spider.py[line:569] INFO 数据存入mongo成功
2020 11:25:44 spider.py[line:569] INFO 数据存入mongo成功
2020 11:25:47 spider.py[line:569] INFO 数据存入mongo成功
2020 11:25:47 spider.py[line:569] INFO 数据存入mongo成功
2020 11:25:48 spider.py[line:569] INFO 数据存入mongo成功
2020 11:25:49 spider.py[line:577] INFO 未搜索到公司
2020 11:25:49 spider.py[line:581] INFO HTTPSConnectionPool(host='shuidi.cn', port=443): Max retries exceeded with url: /b-search?key=%E7%9F%B3%E5%AE%B6%E5%BA%84%E6%9C%9D%E6%BC%AB%E5%95%86%E8%B4%B8%E6%9C%89%E9%99%90%E5%85%AC%E5%8F%B8 (Caused by SSLError(SSLEOFError(8, 'EOF occurred in violation of protocol (_ssl.c:847)'),))
2020 11:25:50 spider.py[line:569] INFO 数据存入mongo成功
2020 11:25:50 spider.py[line:581] INFO HTTPSConnectionPool(host='shuidi.cn', port=443): Max retries exceeded with url: /company-18bbaf25c3b88ceef4e647f6e1d5ed01.html?from_search=1 (Caused by ProxyError('Cannot connect to proxy.', RemoteDisconnected('Remote end closed connection without response',)))
2020 11:25:50 spider.py[line:577] INFO 未搜索到公司
2020 11:25:51 spider.py[line:577] INFO 未搜索到公司
2020 11:25:51 spider.py[line:577] INFO 未搜索到公司
2020 11:25:53 spider.py[line:569] INFO 数据存入mongo成功
2020 11:25:54 spider.py[line:569] INFO 数据存入mongo成功
2020 11:25:54 spider.py[line:569] INFO 数据存入mongo成功
2020 11:25:55 spider.py[line:577] INFO 未搜索到公司
2020 11:25:57 spider.py[line:569] INFO 数据存入mongo成功
2020 11:25:59 spider.py[line:569] INFO 数据存入mongo成功
2020 11:26:00 spider.py[line:577] INFO 未搜索到公司
2020 11:26:00 spider.py[line:569] INFO 数据存入mongo成功
2020 11:26:00 spider.py[line:577] INFO 未搜索到公司
2020 11:26:01 spider.py[line:569] INFO 数据存入mongo成功
2020 11:26:01 spider.py[line:577] INFO 未搜索到公司
2020 11:26:04 spider.py[line:569] INFO 数据存入mongo成功
2020 11:26:04 spider.py[line:577] INFO 未搜索到公司
2020 11:26:06 spider.py[line:569] INFO 数据存入mongo成功
2020 11:26:08 spider.py[line:569] INFO 数据存入mongo成功
2020 11:26:08 spider.py[line:569] INFO 数据存入mongo成功
2020 11:26:09 spider.py[line:569] INFO 数据存入mongo成功
2020 11:26:12 spider.py[line:569] INFO 数据存入mongo成功
2020 11:26:13 spider.py[line:569] INFO 数据存入mongo成功
2020 11:26:13 spider.py[line:569] INFO 数据存入mongo成功
2020 11:26:13 spider.py[line:569] INFO 数据存入mongo成功
2020 11:26:14 spider.py[line:577] INFO 未搜索到公司
2020 11:26:14 spider.py[line:577] INFO 未搜索到公司
2020 11:26:16 spider.py[line:569] INFO 数据存入mongo成功
2020 11:26:18 spider.py[line:569] INFO 数据存入mongo成功
2020 11:26:18 spider.py[line:569] INFO 数据存入mongo成功
2020 11:26:18 spider.py[line:569] INFO 数据存入mongo成功
2020 11:26:20 spider.py[line:569] INFO 数据存入mongo成功
2020 11:26:22 spider.py[line:569] INFO 数据存入mongo成功
2020 11:26:24 spider.py[line:569] INFO 数据存入mongo成功
2020 11:26:24 spider.py[line:569] INFO 数据存入mongo成功
2020 11:26:25 spider.py[line:569] INFO 数据存入mongo成功
2020 11:26:25 spider.py[line:569] INFO 数据存入mongo成功
2020 11:26:28 spider.py[line:569] INFO 数据存入mongo成功
2020 11:26:28 spider.py[line:569] INFO 数据存入mongo成功
2020 11:26:29 spider.py[line:569] INFO 数据存入mongo成功
2020 11:26:29 spider.py[line:577] INFO 未搜索到公司
2020 11:26:31 spider.py[line:569] INFO 数据存入mongo成功
2020 11:26:32 spider.py[line:569] INFO 数据存入mongo成功
2020 11:26:33 spider.py[line:569] INFO 数据存入mongo成功
2020 11:26:33 spider.py[line:569] INFO 数据存入mongo成功
2020 11:26:36 spider.py[line:569] INFO 数据存入mongo成功
2020 11:26:36 spider.py[line:569] INFO 数据存入mongo成功
2020 11:26:37 spider.py[line:569] INFO 数据存入mongo成功
2020 11:26:39 spider.py[line:569] INFO 数据存入mongo成功
2020 11:26:40 spider.py[line:569] INFO 数据存入mongo成功
2020 11:26:40 spider.py[line:569] INFO 数据存入mongo成功
2020 11:26:40 spider.py[line:577] INFO 未搜索到公司
2020 11:26:43 spider.py[line:569] INFO 数据存入mongo成功
2020 11:26:44 spider.py[line:569] INFO 数据存入mongo成功
2020 11:26:45 spider.py[line:569] INFO 数据存入mongo成功
2020 11:26:45 spider.py[line:577] INFO 未搜索到公司
2020 11:26:46 spider.py[line:569] INFO 数据存入mongo成功
2020 11:26:47 spider.py[line:569] INFO 数据存入mongo成功
2020 11:26:50 spider.py[line:569] INFO 数据存入mongo成功
2020 11:26:50 spider.py[line:569] INFO 数据存入mongo成功
2020 11:26:51 spider.py[line:569] INFO 数据存入mongo成功
2020 11:26:51 spider.py[line:577] INFO 未搜索到公司
2020 11:26:52 spider.py[line:569] INFO 数据存入mongo成功
2020 11:26:54 spider.py[line:569] INFO 数据存入mongo成功
2020 11:26:54 spider.py[line:569] INFO 数据存入mongo成功
2020 11:26:55 spider.py[line:573] INFO 公司名不匹配
2020 11:27:00 spider.py[line:569] INFO 数据存入mongo成功
2020 11:27:00 spider.py[line:569] INFO 数据存入mongo成功
2020 11:27:02 spider.py[line:569] INFO 数据存入mongo成功
2020 11:27:04 spider.py[line:571] INFO HTTPConnectionPool(host='http-dyn.abuyun.com', port=9020): Read timed out. (read timeout=10)
2020 11:27:07 spider.py[line:569] INFO 数据存入mongo成功
2020 11:27:08 spider.py[line:569] INFO 数据存入mongo成功
2020 11:27:09 spider.py[line:569] INFO 数据存入mongo成功
2020 11:27:11 spider.py[line:569] INFO 数据存入mongo成功
2020 11:27:11 spider.py[line:569] INFO 数据存入mongo成功
2020 11:27:11 spider.py[line:581] INFO HTTPSConnectionPool(host='shuidi.cn', port=443): Max retries exceeded with url: /b-search?key=%E9%95%BF%E5%AE%89%E5%88%98%E6%B4%8B%E7%8E%A9%E5%85%B7%E5%95%86%E8%A1%8C (Caused by SSLError(SSLEOFError(8, 'EOF occurred in violation of protocol (_ssl.c:847)'),))
2020 11:27:13 spider.py[line:569] INFO 数据存入mongo成功
2020 11:27:13 spider.py[line:569] INFO 数据存入mongo成功
2020 11:27:14 spider.py[line:577] INFO 未搜索到公司
2020 11:27:15 spider.py[line:569] INFO 数据存入mongo成功
2020 11:27:15 spider.py[line:569] INFO 数据存入mongo成功
2020 11:27:18 spider.py[line:569] INFO 数据存入mongo成功
2020 11:27:19 spider.py[line:569] INFO 数据存入mongo成功
2020 11:27:19 spider.py[line:569] INFO 数据存入mongo成功
2020 11:27:20 spider.py[line:577] INFO 未搜索到公司
2020 11:27:21 spider.py[line:569] INFO 数据存入mongo成功
2020 11:27:22 spider.py[line:569] INFO 数据存入mongo成功
2020 11:27:23 spider.py[line:569] INFO 数据存入mongo成功
2020 11:27:25 spider.py[line:569] INFO 数据存入mongo成功
2020 11:27:25 spider.py[line:569] INFO 数据存入mongo成功
2020 11:27:26 spider.py[line:569] INFO 数据存入mongo成功
2020 11:27:27 spider.py[line:569] INFO 数据存入mongo成功
2020 11:27:30 spider.py[line:569] INFO 数据存入mongo成功
2020 11:27:31 spider.py[line:577] INFO 未搜索到公司
2020 11:27:31 spider.py[line:569] INFO 数据存入mongo成功
2020 11:27:31 spider.py[line:569] INFO 数据存入mongo成功
2020 11:27:32 spider.py[line:577] INFO 未搜索到公司
2020 11:27:32 spider.py[line:569] INFO 数据存入mongo成功
2020 11:27:33 spider.py[line:573] INFO 公司名不匹配
2020 11:27:34 spider.py[line:569] INFO 数据存入mongo成功
2020 11:27:34 spider.py[line:569] INFO 数据存入mongo成功
2020 11:27:36 spider.py[line:569] INFO 数据存入mongo成功
2020 11:27:37 spider.py[line:569] INFO 数据存入mongo成功
2020 11:27:37 spider.py[line:581] INFO HTTPSConnectionPool(host='shuidi.cn', port=443): Max retries exceeded with url: /b-search?key=%E9%95%BF%E6%B2%99%E7%99%BB%E4%BA%91%E6%A2%AF%E6%95%99%E8%82%B2%E5%92%A8%E8%AF%A2%E6%9C%89%E9%99%90%E5%85%AC%E5%8F%B8 (Caused by SSLError(SSLEOFError(8, 'EOF occurred in violation of protocol (_ssl.c:847)'),))
2020 11:27:37 spider.py[line:569] INFO 数据存入mongo成功
2020 11:27:41 spider.py[line:569] INFO 数据存入mongo成功
2020 11:27:41 spider.py[line:569] INFO 数据存入mongo成功
2020 11:27:41 spider.py[line:569] INFO 数据存入mongo成功
2020 11:27:41 spider.py[line:569] INFO 数据存入mongo成功
2020 11:27:46 spider.py[line:569] INFO 数据存入mongo成功
2020 11:27:46 spider.py[line:569] INFO 数据存入mongo成功
2020 11:27:46 spider.py[line:569] INFO 数据存入mongo成功
2020 11:27:48 spider.py[line:569] INFO 数据存入mongo成功
2020 11:27:50 spider.py[line:569] INFO 数据存入mongo成功
2020 11:27:50 spider.py[line:569] INFO 数据存入mongo成功
2020 11:27:51 spider.py[line:569] INFO 数据存入mongo成功
2020 11:27:51 spider.py[line:577] INFO 未搜索到公司
2020 11:27:51 spider.py[line:569] INFO 数据存入mongo成功
2020 11:27:52 spider.py[line:577] INFO 未搜索到公司
2020 11:27:53 spider.py[line:573] INFO 公司名不匹配
2020 11:27:54 spider.py[line:569] INFO 数据存入mongo成功
2020 11:27:54 spider.py[line:569] INFO 数据存入mongo成功
2020 11:27:54 spider.py[line:569] INFO 数据存入mongo成功
2020 11:27:57 spider.py[line:569] INFO 数据存入mongo成功
2020 11:27:58 spider.py[line:577] INFO 未搜索到公司
2020 11:27:58 spider.py[line:569] INFO 数据存入mongo成功
2020 11:27:58 spider.py[line:569] INFO 数据存入mongo成功
2020 11:28:00 spider.py[line:577] INFO 未搜索到公司
2020 11:28:00 spider.py[line:569] INFO 数据存入mongo成功
2020 11:28:01 spider.py[line:569] INFO 数据存入mongo成功
2020 11:28:02 spider.py[line:569] INFO 数据存入mongo成功
2020 11:28:04 spider.py[line:569] INFO 数据存入mongo成功
2020 11:28:05 spider.py[line:569] INFO 数据存入mongo成功
2020 11:28:07 spider.py[line:569] INFO 数据存入mongo成功
2020 11:28:08 spider.py[line:577] INFO 未搜索到公司
2020 11:28:09 spider.py[line:569] INFO 数据存入mongo成功
2020 11:28:10 spider.py[line:577] INFO 未搜索到公司
2020 11:28:10 spider.py[line:569] INFO 数据存入mongo成功
2020 11:28:11 spider.py[line:569] INFO 数据存入mongo成功
2020 11:28:12 spider.py[line:569] INFO 数据存入mongo成功
2020 11:28:14 spider.py[line:569] INFO 数据存入mongo成功
2020 11:28:15 spider.py[line:569] INFO 数据存入mongo成功
2020 11:28:16 spider.py[line:569] INFO 数据存入mongo成功
2020 11:28:16 spider.py[line:577] INFO 未搜索到公司
2020 11:28:18 spider.py[line:569] INFO 数据存入mongo成功
2020 11:28:19 spider.py[line:569] INFO 数据存入mongo成功
2020 11:28:21 spider.py[line:569] INFO 数据存入mongo成功
2020 11:28:21 spider.py[line:569] INFO 数据存入mongo成功
2020 11:28:24 spider.py[line:569] INFO 数据存入mongo成功
2020 11:28:25 spider.py[line:569] INFO 数据存入mongo成功
2020 11:28:27 spider.py[line:569] INFO 数据存入mongo成功
2020 11:28:27 spider.py[line:577] INFO 未搜索到公司
2020 11:28:28 spider.py[line:569] INFO 数据存入mongo成功
2020 11:28:28 spider.py[line:569] INFO 数据存入mongo成功
2020 11:28:31 spider.py[line:569] INFO 数据存入mongo成功
2020 11:28:31 spider.py[line:569] INFO 数据存入mongo成功
2020 11:28:32 spider.py[line:577] INFO 未搜索到公司
2020 11:28:34 spider.py[line:577] INFO 未搜索到公司
2020 11:28:35 spider.py[line:569] INFO 数据存入mongo成功
2020 11:28:36 spider.py[line:569] INFO 数据存入mongo成功
2020 11:28:36 spider.py[line:569] INFO 数据存入mongo成功
2020 11:28:38 spider.py[line:569] INFO 数据存入mongo成功
2020 11:28:38 spider.py[line:569] INFO 数据存入mongo成功
2020 11:28:39 spider.py[line:577] INFO 未搜索到公司
2020 11:28:40 spider.py[line:569] INFO 数据存入mongo成功
2020 11:28:40 spider.py[line:577] INFO 未搜索到公司
2020 11:28:40 spider.py[line:581] INFO HTTPSConnectionPool(host='shuidi.cn', port=443): Max retries exceeded with url: /b-search?key=%E6%B2%B3%E5%8C%97%E8%89%B3%E5%8F%8C%E5%95%86%E8%B4%B8%E6%9C%89%E9%99%90%E5%85%AC%E5%8F%B8 (Caused by SSLError(SSLEOFError(8, 'EOF occurred in violation of protocol (_ssl.c:847)'),))
2020 11:28:41 spider.py[line:569] INFO 数据存入mongo成功
2020 11:28:43 spider.py[line:569] INFO 数据存入mongo成功
2020 11:28:44 spider.py[line:569] INFO 数据存入mongo成功
2020 11:28:45 spider.py[line:569] INFO 数据存入mongo成功
2020 11:28:45 spider.py[line:577] INFO 未搜索到公司
2020 11:28:45 spider.py[line:577] INFO 未搜索到公司
2020 11:28:46 spider.py[line:569] INFO 数据存入mongo成功
2020 11:28:46 spider.py[line:569] INFO 数据存入mongo成功
2020 11:28:49 spider.py[line:569] INFO 数据存入mongo成功
2020 11:28:50 spider.py[line:569] INFO 数据存入mongo成功
2020 11:28:51 spider.py[line:569] INFO 数据存入mongo成功
2020 11:28:52 spider.py[line:569] INFO 数据存入mongo成功
2020 11:28:53 spider.py[line:569] INFO 数据存入mongo成功
2020 11:28:54 spider.py[line:581] INFO HTTPSConnectionPool(host='shuidi.cn', port=443): Max retries exceeded with url: /b-search?key=%E6%B9%96%E5%8D%97%E6%81%92%E4%BF%A1%E4%BA%94%E8%88%9F%E7%B3%BB%E7%BB%9F%E5%B7%A5%E7%A8%8B%E6%9C%89%E9%99%90%E5%85%AC%E5%8F%B8%E9%95%BF%E6%B2%99%E5%88%86%E5%85%AC%E5%8F%B8 (Caused by SSLError(SSLEOFError(8, 'EOF occurred in violation of protocol (_ssl.c:847)'),))
2020 11:28:56 spider.py[line:569] INFO 数据存入mongo成功
2020 11:28:56 spider.py[line:569] INFO 数据存入mongo成功
2020 11:28:56 spider.py[line:573] INFO 公司名不匹配
2020 11:28:57 spider.py[line:569] INFO 数据存入mongo成功
2020 11:28:58 spider.py[line:569] INFO 数据存入mongo成功
2020 11:29:00 spider.py[line:569] INFO 数据存入mongo成功
2020 11:29:00 spider.py[line:569] INFO 数据存入mongo成功
2020 11:29:01 spider.py[line:569] INFO 数据存入mongo成功
2020 11:29:04 spider.py[line:569] INFO 数据存入mongo成功
2020 11:29:04 spider.py[line:569] INFO 数据存入mongo成功
2020 11:29:05 spider.py[line:569] INFO 数据存入mongo成功
2020 11:29:06 spider.py[line:569] INFO 数据存入mongo成功
2020 11:29:07 spider.py[line:569] INFO 数据存入mongo成功
2020 11:29:10 spider.py[line:569] INFO 数据存入mongo成功
2020 11:29:10 spider.py[line:569] INFO 数据存入mongo成功
2020 11:29:11 spider.py[line:569] INFO 数据存入mongo成功
2020 11:29:12 spider.py[line:569] INFO 数据存入mongo成功
2020 11:29:13 spider.py[line:577] INFO 未搜索到公司
2020 11:29:14 spider.py[line:577] INFO 未搜索到公司
2020 11:29:14 spider.py[line:569] INFO 数据存入mongo成功
2020 11:29:14 spider.py[line:569] INFO 数据存入mongo成功
2020 11:29:15 spider.py[line:569] INFO 数据存入mongo成功
2020 11:29:15 spider.py[line:577] INFO 未搜索到公司
2020 11:29:16 spider.py[line:577] INFO 未搜索到公司
2020 11:29:18 spider.py[line:569] INFO 数据存入mongo成功
2020 11:29:18 spider.py[line:569] INFO 数据存入mongo成功
2020 11:29:19 spider.py[line:569] INFO 数据存入mongo成功
2020 11:29:22 spider.py[line:569] INFO 数据存入mongo成功
2020 11:29:22 spider.py[line:569] INFO 数据存入mongo成功
2020 11:29:22 spider.py[line:577] INFO 未搜索到公司
2020 11:29:22 spider.py[line:569] INFO 数据存入mongo成功
2020 11:29:23 spider.py[line:569] INFO 数据存入mongo成功
2020 11:29:26 spider.py[line:569] INFO 数据存入mongo成功
2020 11:29:26 spider.py[line:569] INFO 数据存入mongo成功
2020 11:29:27 spider.py[line:569] INFO 数据存入mongo成功
2020 11:29:29 spider.py[line:569] INFO 数据存入mongo成功
2020 11:29:30 spider.py[line:569] INFO 数据存入mongo成功
2020 11:29:30 spider.py[line:577] INFO 未搜索到公司
2020 11:29:31 spider.py[line:569] INFO 数据存入mongo成功
2020 11:29:33 spider.py[line:569] INFO 数据存入mongo成功
2020 11:29:34 spider.py[line:569] INFO 数据存入mongo成功
2020 11:29:34 spider.py[line:569] INFO 数据存入mongo成功
2020 11:29:35 spider.py[line:577] INFO 未搜索到公司
2020 11:29:36 spider.py[line:569] INFO 数据存入mongo成功
2020 11:29:37 spider.py[line:569] INFO 数据存入mongo成功
2020 11:29:39 spider.py[line:569] INFO 数据存入mongo成功
2020 11:29:39 spider.py[line:569] INFO 数据存入mongo成功
2020 11:29:42 spider.py[line:569] INFO 数据存入mongo成功
2020 11:29:43 spider.py[line:569] INFO 数据存入mongo成功
2020 11:29:43 spider.py[line:569] INFO 数据存入mongo成功
2020 11:29:44 spider.py[line:577] INFO 未搜索到公司
2020 11:29:45 spider.py[line:569] INFO 数据存入mongo成功
2020 11:29:47 spider.py[line:569] INFO 数据存入mongo成功
2020 11:29:47 spider.py[line:577] INFO 未搜索到公司
2020 11:29:48 spider.py[line:569] INFO 数据存入mongo成功
2020 11:29:50 spider.py[line:569] INFO 数据存入mongo成功
2020 11:29:50 spider.py[line:569] INFO 数据存入mongo成功
2020 11:29:51 spider.py[line:569] INFO 数据存入mongo成功
2020 11:29:51 spider.py[line:577] INFO 未搜索到公司
2020 11:29:52 spider.py[line:569] INFO 数据存入mongo成功
2020 11:29:54 spider.py[line:569] INFO 数据存入mongo成功
2020 11:29:54 spider.py[line:569] INFO 数据存入mongo成功
2020 11:29:56 spider.py[line:569] INFO 数据存入mongo成功
2020 11:29:58 spider.py[line:569] INFO 数据存入mongo成功
2020 11:29:59 spider.py[line:569] INFO 数据存入mongo成功
2020 11:30:00 spider.py[line:569] INFO 数据存入mongo成功
2020 11:30:00 spider.py[line:569] INFO 数据存入mongo成功
2020 11:30:00 spider.py[line:577] INFO 未搜索到公司
2020 11:30:01 spider.py[line:577] INFO 未搜索到公司
2020 11:30:02 spider.py[line:569] INFO 数据存入mongo成功
2020 11:30:03 spider.py[line:577] INFO 未搜索到公司
2020 11:30:04 spider.py[line:569] INFO 数据存入mongo成功
2020 11:30:05 spider.py[line:569] INFO 数据存入mongo成功
2020 11:30:08 spider.py[line:569] INFO 数据存入mongo成功
2020 11:30:08 spider.py[line:569] INFO 数据存入mongo成功
2020 11:30:09 spider.py[line:569] INFO 数据存入mongo成功
2020 11:30:10 spider.py[line:569] INFO 数据存入mongo成功
2020 11:30:12 spider.py[line:569] INFO 数据存入mongo成功
2020 11:30:12 spider.py[line:569] INFO 数据存入mongo成功
2020 11:30:14 spider.py[line:569] INFO 数据存入mongo成功
2020 11:30:16 spider.py[line:569] INFO 数据存入mongo成功
2020 11:30:17 spider.py[line:569] INFO 数据存入mongo成功
2020 11:30:17 spider.py[line:577] INFO 未搜索到公司
2020 11:30:19 spider.py[line:577] INFO 未搜索到公司
2020 11:30:20 spider.py[line:569] INFO 数据存入mongo成功
2020 11:30:23 spider.py[line:569] INFO 数据存入mongo成功
2020 11:30:23 spider.py[line:569] INFO 数据存入mongo成功
2020 11:30:23 spider.py[line:569] INFO 数据存入mongo成功
2020 11:30:24 spider.py[line:577] INFO 未搜索到公司
2020 11:30:27 spider.py[line:569] INFO 数据存入mongo成功
2020 11:30:27 spider.py[line:569] INFO 数据存入mongo成功
2020 11:30:27 spider.py[line:569] INFO 数据存入mongo成功
2020 11:30:28 spider.py[line:577] INFO 未搜索到公司
2020 11:30:28 spider.py[line:577] INFO 未搜索到公司
2020 11:30:29 spider.py[line:569] INFO 数据存入mongo成功
2020 11:30:32 spider.py[line:569] INFO 数据存入mongo成功
2020 11:30:32 spider.py[line:569] INFO 数据存入mongo成功
2020 11:30:33 spider.py[line:573] INFO 公司名不匹配
2020 11:30:33 spider.py[line:569] INFO 数据存入mongo成功
2020 11:30:36 spider.py[line:569] INFO 数据存入mongo成功
2020 11:30:37 spider.py[line:569] INFO 数据存入mongo成功
2020 11:30:37 spider.py[line:569] INFO 数据存入mongo成功
2020 11:30:38 spider.py[line:569] INFO 数据存入mongo成功
2020 11:30:39 spider.py[line:577] INFO 未搜索到公司
2020 11:30:40 spider.py[line:569] INFO 数据存入mongo成功
2020 11:30:40 spider.py[line:569] INFO 数据存入mongo成功
2020 11:30:43 spider.py[line:569] INFO 数据存入mongo成功
2020 11:30:44 spider.py[line:569] INFO 数据存入mongo成功
2020 11:30:46 spider.py[line:569] INFO 数据存入mongo成功
2020 11:30:47 spider.py[line:569] INFO 数据存入mongo成功
2020 11:30:50 spider.py[line:569] INFO 数据存入mongo成功
2020 11:30:53 spider.py[line:581] INFO HTTPSConnectionPool(host='shuidi.cn', port=443): Read timed out. (read timeout=10)
2020 11:30:55 spider.py[line:569] INFO 数据存入mongo成功
2020 11:30:55 spider.py[line:577] INFO 未搜索到公司
2020 11:30:55 spider.py[line:569] INFO 数据存入mongo成功
2020 11:30:58 spider.py[line:569] INFO 数据存入mongo成功
2020 11:31:00 spider.py[line:569] INFO 数据存入mongo成功
2020 11:31:01 spider.py[line:569] INFO 数据存入mongo成功
2020 11:31:01 spider.py[line:581] INFO HTTPSConnectionPool(host='shuidi.cn', port=443): Read timed out. (read timeout=10)
2020 11:31:02 spider.py[line:577] INFO 未搜索到公司
2020 11:31:04 spider.py[line:569] INFO 数据存入mongo成功
2020 11:31:04 spider.py[line:569] INFO 数据存入mongo成功
2020 11:31:05 spider.py[line:569] INFO 数据存入mongo成功
2020 11:31:06 spider.py[line:569] INFO 数据存入mongo成功
2020 11:31:08 spider.py[line:569] INFO 数据存入mongo成功
2020 11:31:08 spider.py[line:569] INFO 数据存入mongo成功
2020 11:31:10 spider.py[line:569] INFO 数据存入mongo成功
2020 11:31:10 spider.py[line:569] INFO 数据存入mongo成功
2020 11:31:12 spider.py[line:569] INFO 数据存入mongo成功
2020 11:31:12 spider.py[line:569] INFO 数据存入mongo成功
2020 11:31:15 spider.py[line:569] INFO 数据存入mongo成功
2020 11:31:15 spider.py[line:569] INFO 数据存入mongo成功
2020 11:31:22 spider.py[line:569] INFO 数据存入mongo成功
2020 11:31:23 spider.py[line:569] INFO 数据存入mongo成功
2020 11:31:23 spider.py[line:577] INFO 未搜索到公司
2020 11:31:23 spider.py[line:569] INFO 数据存入mongo成功
2020 11:31:25 spider.py[line:569] INFO 数据存入mongo成功
2020 11:31:27 spider.py[line:569] INFO 数据存入mongo成功
2020 11:31:28 spider.py[line:577] INFO 未搜索到公司
2020 11:31:28 spider.py[line:569] INFO 数据存入mongo成功
2020 11:31:31 spider.py[line:581] INFO HTTPSConnectionPool(host='shuidi.cn', port=443): Max retries exceeded with url: /b-search?key=%E7%9F%B3%E5%AE%B6%E5%BA%84%E5%B0%86%E4%B9%8B%E6%9D%B0%E5%95%86%E8%B4%B8%E6%9C%89%E9%99%90%E5%85%AC%E5%8F%B8 (Caused by SSLError(SSLEOFError(8, 'EOF occurred in violation of protocol (_ssl.c:847)'),))
2020 11:31:32 spider.py[line:569] INFO 数据存入mongo成功
2020 11:31:34 spider.py[line:569] INFO 数据存入mongo成功
2020 11:31:34 spider.py[line:569] INFO 数据存入mongo成功
2020 11:31:37 spider.py[line:569] INFO 数据存入mongo成功
2020 11:31:37 spider.py[line:569] INFO 数据存入mongo成功
2020 11:31:38 spider.py[line:569] INFO 数据存入mongo成功
2020 11:31:39 spider.py[line:577] INFO 未搜索到公司
2020 11:31:40 spider.py[line:569] INFO 数据存入mongo成功
2020 11:31:41 spider.py[line:569] INFO 数据存入mongo成功
2020 11:31:43 spider.py[line:569] INFO 数据存入mongo成功
2020 11:31:45 spider.py[line:569] INFO 数据存入mongo成功
2020 11:31:48 spider.py[line:569] INFO 数据存入mongo成功
2020 11:31:49 spider.py[line:569] INFO 数据存入mongo成功
2020 11:31:50 spider.py[line:581] INFO HTTPSConnectionPool(host='shuidi.cn', port=443): Max retries exceeded with url: /b-search?key=%E9%83%91%E5%B7%9E%E6%B7%B1%E9%80%94%E4%BF%A1%E6%81%AF%E7%A7%91%E6%8A%80%E6%9C%89%E9%99%90%E5%85%AC%E5%8F%B8 (Caused by SSLError(SSLEOFError(8, 'EOF occurred in violation of protocol (_ssl.c:847)'),))
2020 11:31:51 spider.py[line:577] INFO 未搜索到公司
2020 11:31:53 spider.py[line:581] INFO HTTPSConnectionPool(host='shuidi.cn', port=443): Max retries exceeded with url: /b-search?key=%E7%9F%B3%E5%AE%B6%E5%BA%84%E6%B6%9B%E5%B1%95%E5%95%86%E8%B4%B8%E6%9C%89%E9%99%90%E5%85%AC%E5%8F%B8 (Caused by SSLError(SSLEOFError(8, 'EOF occurred in violation of protocol (_ssl.c:847)'),))
2020 11:31:54 spider.py[line:569] INFO 数据存入mongo成功
2020 11:31:56 spider.py[line:569] INFO 数据存入mongo成功
2020 11:31:58 spider.py[line:569] INFO 数据存入mongo成功
2020 11:31:58 spider.py[line:569] INFO 数据存入mongo成功
2020 11:32:00 spider.py[line:569] INFO 数据存入mongo成功
2020 11:32:01 spider.py[line:569] INFO 数据存入mongo成功
2020 11:32:02 spider.py[line:569] INFO 数据存入mongo成功
2020 11:32:02 spider.py[line:569] INFO 数据存入mongo成功
2020 11:32:03 spider.py[line:569] INFO 数据存入mongo成功
2020 11:32:03 spider.py[line:577] INFO 未搜索到公司
2020 11:32:04 spider.py[line:577] INFO 未搜索到公司
2020 11:32:05 spider.py[line:569] INFO 数据存入mongo成功
2020 11:32:05 spider.py[line:569] INFO 数据存入mongo成功
2020 11:32:07 spider.py[line:577] INFO 未搜索到公司
2020 11:32:08 spider.py[line:573] INFO 公司名不匹配
2020 11:32:09 spider.py[line:577] INFO 未搜索到公司
2020 11:32:09 spider.py[line:569] INFO 数据存入mongo成功
2020 11:32:09 spider.py[line:581] INFO HTTPSConnectionPool(host='shuidi.cn', port=443): Max retries exceeded with url: /b-search?key=%E9%95%BF%E6%B2%99%E9%87%91%E5%A7%86%E7%89%B9%E6%95%99%E8%82%B2%E5%92%A8%E8%AF%A2%E6%9C%89%E9%99%90%E5%85%AC%E5%8F%B8 (Caused by SSLError(SSLEOFError(8, 'EOF occurred in violation of protocol (_ssl.c:847)'),))
2020 11:32:12 spider.py[line:569] INFO 数据存入mongo成功
2020 11:32:13 spider.py[line:569] INFO 数据存入mongo成功
2020 11:32:13 spider.py[line:577] INFO 未搜索到公司
2020 11:32:21 spider.py[line:569] INFO 数据存入mongo成功
2020 11:32:21 spider.py[line:569] INFO 数据存入mongo成功
2020 11:32:24 spider.py[line:569] INFO 数据存入mongo成功
2020 11:32:25 spider.py[line:569] INFO 数据存入mongo成功
2020 11:32:27 spider.py[line:581] INFO HTTPSConnectionPool(host='shuidi.cn', port=443): Max retries exceeded with url: /b-search?key=%E9%95%BF%E6%B2%99%E5%B8%82%E4%B8%80%E7%AC%94%E6%96%87%E5%8C%96%E4%BC%A0%E5%AA%92%E6%9C%89%E9%99%90%E5%85%AC%E5%8F%B8 (Caused by SSLError(SSLEOFError(8, 'EOF occurred in violation of protocol (_ssl.c:847)'),))
2020 11:32:28 spider.py[line:573] INFO 公司名不匹配
2020 11:32:30 spider.py[line:577] INFO 未搜索到公司
2020 11:32:31 spider.py[line:577] INFO 未搜索到公司
2020 11:32:32 spider.py[line:569] INFO 数据存入mongo成功
2020 11:32:33 spider.py[line:577] INFO 未搜索到公司
2020 11:32:34 spider.py[line:573] INFO 公司名不匹配
2020 11:32:35 spider.py[line:569] INFO 数据存入mongo成功
2020 11:32:35 spider.py[line:569] INFO 数据存入mongo成功
2020 11:32:37 spider.py[line:569] INFO 数据存入mongo成功
2020 11:32:38 spider.py[line:581] INFO HTTPSConnectionPool(host='shuidi.cn', port=443): Max retries exceeded with url: /b-search?key=%E6%B9%96%E5%8D%97%E7%9C%81%E6%B9%98%E5%B3%B0%E6%9C%8D%E9%A5%B0%E6%9C%89%E9%99%90%E5%85%AC%E5%8F%B8%E9%95%BF%E6%B2%99%E5%88%86%E5%85%AC%E5%8F%B8 (Caused by ProxyError('Cannot connect to proxy.', OSError('Tunnel connection failed: 503 Service Temporarily Unavailable',)))
2020 11:32:42 spider.py[line:569] INFO 数据存入mongo成功
2020 11:32:47 spider.py[line:569] INFO 数据存入mongo成功
2020 11:32:48 spider.py[line:577] INFO 未搜索到公司
2020 11:32:50 spider.py[line:569] INFO 数据存入mongo成功
2020 11:32:51 spider.py[line:569] INFO 数据存入mongo成功
2020 11:32:51 spider.py[line:577] INFO 未搜索到公司
2020 11:32:52 spider.py[line:569] INFO 数据存入mongo成功
2020 11:32:52 spider.py[line:577] INFO 未搜索到公司
2020 11:32:53 spider.py[line:577] INFO 未搜索到公司
2020 11:32:54 spider.py[line:569] INFO 数据存入mongo成功
2020 11:32:57 spider.py[line:569] INFO 数据存入mongo成功
2020 11:32:58 spider.py[line:577] INFO 未搜索到公司
2020 11:33:12 spider.py[line:569] INFO 数据存入mongo成功
2020 11:33:15 spider.py[line:569] INFO 数据存入mongo成功
2020 11:33:18 spider.py[line:569] INFO 数据存入mongo成功
2020 11:33:21 spider.py[line:569] INFO 数据存入mongo成功
