2020 10:33:12 spider.py[line:570] INFO 数据存入mongo成功
2020 10:33:12 spider.py[line:570] INFO 数据存入mongo成功
2020 10:33:12 spider.py[line:570] INFO 数据存入mongo成功
2020 10:33:15 spider.py[line:570] INFO 数据存入mongo成功
2020 10:33:16 spider.py[line:570] INFO 数据存入mongo成功
2020 10:33:17 spider.py[line:570] INFO 数据存入mongo成功
2020 10:33:19 spider.py[line:570] INFO 数据存入mongo成功
2020 10:33:22 spider.py[line:570] INFO 数据存入mongo成功
2020 10:33:22 spider.py[line:591] INFO HTTPSConnectionPool(host='shuidi.cn', port=443): Max retries exceeded with url: /b-search?key=%E9%95%BF%E6%B2%99%E5%AD%90%E7%B2%9F%E4%B8%B0%E6%96%87%E5%8C%96%E4%BC%A0%E6%92%AD%E6%9C%89%E9%99%90%E5%85%AC%E5%8F%B8 (Caused by ProxyError('Cannot connect to proxy.', timeout('timed out',)))
2020 10:33:22 spider.py[line:570] INFO 数据存入mongo成功
2020 10:33:23 spider.py[line:580] INFO 页面为空
2020 10:33:24 spider.py[line:570] INFO 数据存入mongo成功
2020 10:33:27 spider.py[line:570] INFO 数据存入mongo成功
2020 10:33:27 spider.py[line:570] INFO 数据存入mongo成功
2020 10:33:27 spider.py[line:570] INFO 数据存入mongo成功
2020 10:33:28 spider.py[line:570] INFO 数据存入mongo成功
2020 10:33:31 spider.py[line:570] INFO 数据存入mongo成功
2020 10:33:32 spider.py[line:570] INFO 数据存入mongo成功
2020 10:33:32 spider.py[line:570] INFO 数据存入mongo成功
2020 10:33:34 spider.py[line:570] INFO 数据存入mongo成功
2020 10:33:36 spider.py[line:570] INFO 数据存入mongo成功
2020 10:33:36 spider.py[line:570] INFO 数据存入mongo成功
2020 10:33:40 spider.py[line:570] INFO 数据存入mongo成功
2020 10:33:41 spider.py[line:570] INFO 数据存入mongo成功
2020 10:33:42 spider.py[line:570] INFO 数据存入mongo成功
2020 10:33:43 spider.py[line:580] INFO 页面为空
2020 10:33:43 spider.py[line:591] INFO HTTPSConnectionPool(host='shuidi.cn', port=443): Max retries exceeded with url: /b-search?key=%E7%9F%B3%E5%AE%B6%E5%BA%84%E7%89%A7%E8%81%9A%E5%95%86%E8%B4%B8%E6%9C%89%E9%99%90%E5%85%AC%E5%8F%B8 (Caused by ProxyError('Cannot connect to proxy.', OSError('Tunnel connection failed: 503 Service Temporarily Unavailable',)))
2020 10:33:44 spider.py[line:570] INFO 数据存入mongo成功
2020 10:33:47 spider.py[line:570] INFO 数据存入mongo成功
2020 10:33:47 spider.py[line:570] INFO 数据存入mongo成功
2020 10:33:47 spider.py[line:570] INFO 数据存入mongo成功
2020 10:33:49 spider.py[line:570] INFO 数据存入mongo成功
2020 10:33:51 spider.py[line:570] INFO 数据存入mongo成功
2020 10:33:51 spider.py[line:570] INFO 数据存入mongo成功
2020 10:33:53 spider.py[line:570] INFO 数据存入mongo成功
2020 10:33:53 spider.py[line:570] INFO 数据存入mongo成功
2020 10:33:55 spider.py[line:570] INFO 数据存入mongo成功
2020 10:33:56 spider.py[line:570] INFO 数据存入mongo成功
2020 10:33:56 spider.py[line:570] INFO 数据存入mongo成功
2020 10:33:56 spider.py[line:580] INFO 页面为空
2020 10:33:59 spider.py[line:570] INFO 数据存入mongo成功
2020 10:33:59 spider.py[line:570] INFO 数据存入mongo成功
2020 10:34:00 spider.py[line:570] INFO 数据存入mongo成功
2020 10:34:03 spider.py[line:570] INFO 数据存入mongo成功
2020 10:34:03 spider.py[line:570] INFO 数据存入mongo成功
2020 10:34:03 spider.py[line:570] INFO 数据存入mongo成功
2020 10:34:04 spider.py[line:570] INFO 数据存入mongo成功
2020 10:34:04 spider.py[line:580] INFO 页面为空
2020 10:34:07 spider.py[line:570] INFO 数据存入mongo成功
2020 10:34:08 spider.py[line:570] INFO 数据存入mongo成功
2020 10:34:08 spider.py[line:570] INFO 数据存入mongo成功
2020 10:34:09 spider.py[line:570] INFO 数据存入mongo成功
2020 10:34:10 spider.py[line:570] INFO 数据存入mongo成功
2020 10:34:12 spider.py[line:570] INFO 数据存入mongo成功
2020 10:34:12 spider.py[line:570] INFO 数据存入mongo成功
2020 10:34:12 spider.py[line:570] INFO 数据存入mongo成功
2020 10:34:12 spider.py[line:570] INFO 数据存入mongo成功
2020 10:34:15 spider.py[line:570] INFO 数据存入mongo成功
2020 10:34:16 spider.py[line:570] INFO 数据存入mongo成功
2020 10:34:17 spider.py[line:570] INFO 数据存入mongo成功
2020 10:34:18 spider.py[line:570] INFO 数据存入mongo成功
2020 10:34:19 spider.py[line:570] INFO 数据存入mongo成功
2020 10:34:19 spider.py[line:570] INFO 数据存入mongo成功
2020 10:34:21 spider.py[line:570] INFO 数据存入mongo成功
2020 10:34:21 spider.py[line:570] INFO 数据存入mongo成功
2020 10:34:22 spider.py[line:570] INFO 数据存入mongo成功
2020 10:34:22 spider.py[line:580] INFO 页面为空
2020 10:34:23 spider.py[line:570] INFO 数据存入mongo成功
2020 10:34:26 spider.py[line:570] INFO 数据存入mongo成功
2020 10:34:27 spider.py[line:570] INFO 数据存入mongo成功
2020 10:34:27 spider.py[line:575] INFO 公司名不匹配
2020 10:34:28 spider.py[line:580] INFO 页面为空
2020 10:34:28 spider.py[line:570] INFO 数据存入mongo成功
2020 10:34:28 spider.py[line:570] INFO 数据存入mongo成功
2020 10:34:31 spider.py[line:570] INFO 数据存入mongo成功
2020 10:34:32 spider.py[line:570] INFO 数据存入mongo成功
2020 10:34:32 spider.py[line:570] INFO 数据存入mongo成功
2020 10:34:35 spider.py[line:570] INFO 数据存入mongo成功
2020 10:34:35 spider.py[line:570] INFO 数据存入mongo成功
2020 10:34:35 spider.py[line:570] INFO 数据存入mongo成功
2020 10:34:36 spider.py[line:570] INFO 数据存入mongo成功
2020 10:34:39 spider.py[line:570] INFO 数据存入mongo成功
2020 10:34:39 spider.py[line:570] INFO 数据存入mongo成功
2020 10:34:39 spider.py[line:570] INFO 数据存入mongo成功
2020 10:34:41 spider.py[line:570] INFO 数据存入mongo成功
2020 10:34:42 spider.py[line:580] INFO 页面为空
2020 10:34:42 spider.py[line:570] INFO 数据存入mongo成功
2020 10:34:44 spider.py[line:570] INFO 数据存入mongo成功
2020 10:34:44 spider.py[line:570] INFO 数据存入mongo成功
2020 10:34:46 spider.py[line:570] INFO 数据存入mongo成功
2020 10:34:47 spider.py[line:580] INFO 页面为空
2020 10:34:47 spider.py[line:570] INFO 数据存入mongo成功
2020 10:34:48 spider.py[line:570] INFO 数据存入mongo成功
2020 10:34:48 spider.py[line:570] INFO 数据存入mongo成功
2020 10:34:49 spider.py[line:580] INFO 页面为空
2020 10:34:51 spider.py[line:570] INFO 数据存入mongo成功
2020 10:34:52 spider.py[line:580] INFO 页面为空
2020 10:34:52 spider.py[line:570] INFO 数据存入mongo成功
2020 10:34:52 spider.py[line:570] INFO 数据存入mongo成功
2020 10:34:52 spider.py[line:570] INFO 数据存入mongo成功
2020 10:34:52 spider.py[line:580] INFO 页面为空
2020 10:34:55 spider.py[line:570] INFO 数据存入mongo成功
2020 10:34:55 spider.py[line:570] INFO 数据存入mongo成功
2020 10:34:56 spider.py[line:570] INFO 数据存入mongo成功
2020 10:34:57 spider.py[line:570] INFO 数据存入mongo成功
2020 10:34:58 spider.py[line:570] INFO 数据存入mongo成功
2020 10:35:00 spider.py[line:570] INFO 数据存入mongo成功
2020 10:35:00 spider.py[line:591] INFO HTTPSConnectionPool(host='shuidi.cn', port=443): Max retries exceeded with url: /b-search?key=%E7%9F%B3%E5%AE%B6%E5%BA%84%E5%88%9B%E6%81%92%E5%BB%BA%E7%AD%91%E8%A3%85%E9%A5%B0%E5%B7%A5%E7%A8%8B%E6%9C%89%E9%99%90%E5%85%AC%E5%8F%B8 (Caused by SSLError(SSLEOFError(8, 'EOF occurred in violation of protocol (_ssl.c:847)'),))
2020 10:35:01 spider.py[line:580] INFO 页面为空
2020 10:35:01 spider.py[line:591] INFO HTTPSConnectionPool(host='shuidi.cn', port=443): Max retries exceeded with url: /b-search?key=%E6%B2%B3%E5%8C%97%E6%99%A8%E9%B9%8A%E5%95%86%E8%B4%B8%E6%9C%89%E9%99%90%E5%85%AC%E5%8F%B8 (Caused by SSLError(SSLEOFError(8, 'EOF occurred in violation of protocol (_ssl.c:847)'),))
2020 10:35:02 spider.py[line:580] INFO 页面为空
2020 10:35:02 spider.py[line:570] INFO 数据存入mongo成功
2020 10:35:03 spider.py[line:570] INFO 数据存入mongo成功
2020 10:35:04 spider.py[line:580] INFO 页面为空
2020 10:35:05 spider.py[line:575] INFO 公司名不匹配
2020 10:35:05 spider.py[line:570] INFO 数据存入mongo成功
2020 10:35:05 spider.py[line:580] INFO 页面为空
2020 10:35:06 spider.py[line:580] INFO 页面为空
2020 10:35:06 spider.py[line:570] INFO 数据存入mongo成功
2020 10:35:06 spider.py[line:580] INFO 页面为空
2020 10:35:07 spider.py[line:580] INFO 页面为空
2020 10:35:07 spider.py[line:570] INFO 数据存入mongo成功
2020 10:35:10 spider.py[line:570] INFO 数据存入mongo成功
2020 10:35:11 spider.py[line:570] INFO 数据存入mongo成功
2020 10:35:12 spider.py[line:570] INFO 数据存入mongo成功
2020 10:35:14 spider.py[line:570] INFO 数据存入mongo成功
2020 10:35:15 spider.py[line:591] INFO HTTPSConnectionPool(host='shuidi.cn', port=443): Max retries exceeded with url: /b-search?key=%E7%9F%B3%E5%AE%B6%E5%BA%84%E5%B2%97%E7%A1%95%E5%95%86%E8%B4%B8%E6%9C%89%E9%99%90%E5%85%AC%E5%8F%B8 (Caused by SSLError(SSLEOFError(8, 'EOF occurred in violation of protocol (_ssl.c:847)'),))
2020 10:35:15 spider.py[line:570] INFO 数据存入mongo成功
2020 10:35:16 spider.py[line:575] INFO 公司名不匹配
2020 10:35:17 spider.py[line:570] INFO 数据存入mongo成功
2020 10:35:18 spider.py[line:570] INFO 数据存入mongo成功
2020 10:35:19 spider.py[line:570] INFO 数据存入mongo成功
2020 10:35:19 spider.py[line:580] INFO 页面为空
2020 10:35:19 spider.py[line:570] INFO 数据存入mongo成功
2020 10:35:19 spider.py[line:570] INFO 数据存入mongo成功
2020 10:35:20 spider.py[line:580] INFO 页面为空
2020 10:35:22 spider.py[line:570] INFO 数据存入mongo成功
2020 10:35:26 spider.py[line:570] INFO 数据存入mongo成功
2020 10:35:28 spider.py[line:570] INFO 数据存入mongo成功
2020 10:35:29 spider.py[line:570] INFO 数据存入mongo成功
2020 10:35:29 spider.py[line:570] INFO 数据存入mongo成功
2020 10:35:29 spider.py[line:570] INFO 数据存入mongo成功
2020 10:35:32 spider.py[line:591] INFO HTTPSConnectionPool(host='shuidi.cn', port=443): Max retries exceeded with url: /b-search?key=%E9%95%BF%E6%B2%99%E5%B9%95%E6%82%A6%E7%A6%BE%E8%AF%AD%E6%96%87%E5%8C%96%E4%BC%A0%E5%AA%92%E6%9C%89%E9%99%90%E5%85%AC%E5%8F%B8 (Caused by ProxyError('Cannot connect to proxy.', OSError('Tunnel connection failed: 503 Service Temporarily Unavailable',)))
2020 10:35:32 spider.py[line:570] INFO 数据存入mongo成功
2020 10:35:32 spider.py[line:570] INFO 数据存入mongo成功
2020 10:35:33 spider.py[line:580] INFO 页面为空
2020 10:35:34 spider.py[line:580] INFO 页面为空
2020 10:35:35 spider.py[line:580] INFO 页面为空
2020 10:35:35 spider.py[line:570] INFO 数据存入mongo成功
2020 10:35:36 spider.py[line:570] INFO 数据存入mongo成功
2020 10:35:37 spider.py[line:580] INFO 页面为空
2020 10:35:38 spider.py[line:570] INFO 数据存入mongo成功
2020 10:35:38 spider.py[line:570] INFO 数据存入mongo成功
2020 10:35:39 spider.py[line:580] INFO 页面为空
2020 10:35:40 spider.py[line:580] INFO 页面为空
2020 10:35:40 spider.py[line:570] INFO 数据存入mongo成功
2020 10:35:41 spider.py[line:570] INFO 数据存入mongo成功
2020 10:35:42 spider.py[line:580] INFO 页面为空
2020 10:35:42 spider.py[line:570] INFO 数据存入mongo成功
2020 10:35:44 spider.py[line:570] INFO 数据存入mongo成功
2020 10:35:44 spider.py[line:570] INFO 数据存入mongo成功
2020 10:35:45 spider.py[line:570] INFO 数据存入mongo成功
2020 10:35:45 spider.py[line:570] INFO 数据存入mongo成功
2020 10:35:46 spider.py[line:580] INFO 页面为空
2020 10:35:48 spider.py[line:570] INFO 数据存入mongo成功
2020 10:35:49 spider.py[line:570] INFO 数据存入mongo成功
2020 10:35:51 spider.py[line:570] INFO 数据存入mongo成功
2020 10:35:51 spider.py[line:591] INFO HTTPSConnectionPool(host='shuidi.cn', port=443): Max retries exceeded with url: /b-search?key=%E6%B9%96%E5%8D%97%E9%95%BF%E6%B2%99%E6%B6%B5%E7%BF%8A%E9%A4%90%E9%A5%AE%E6%96%87%E5%8C%96%E4%BC%A0%E6%92%AD%E6%9C%89%E9%99%90%E5%85%AC%E5%8F%B8 (Caused by SSLError(SSLEOFError(8, 'EOF occurred in violation of protocol (_ssl.c:847)'),))
2020 10:35:51 spider.py[line:570] INFO 数据存入mongo成功
2020 10:35:53 spider.py[line:570] INFO 数据存入mongo成功
2020 10:35:55 spider.py[line:570] INFO 数据存入mongo成功
2020 10:35:55 spider.py[line:570] INFO 数据存入mongo成功
2020 10:35:57 spider.py[line:570] INFO 数据存入mongo成功
2020 10:35:58 spider.py[line:570] INFO 数据存入mongo成功
2020 10:35:58 spider.py[line:570] INFO 数据存入mongo成功
2020 10:36:00 spider.py[line:570] INFO 数据存入mongo成功
2020 10:36:02 spider.py[line:570] INFO 数据存入mongo成功
2020 10:36:02 spider.py[line:570] INFO 数据存入mongo成功
2020 10:36:02 spider.py[line:570] INFO 数据存入mongo成功
2020 10:36:05 spider.py[line:570] INFO 数据存入mongo成功
2020 10:36:05 spider.py[line:570] INFO 数据存入mongo成功
2020 10:36:06 spider.py[line:580] INFO 页面为空
2020 10:36:06 spider.py[line:570] INFO 数据存入mongo成功
2020 10:36:06 spider.py[line:570] INFO 数据存入mongo成功
2020 10:36:07 spider.py[line:580] INFO 页面为空
2020 10:36:08 spider.py[line:570] INFO 数据存入mongo成功
2020 10:36:12 spider.py[line:570] INFO 数据存入mongo成功
2020 10:36:12 spider.py[line:570] INFO 数据存入mongo成功
2020 10:36:13 spider.py[line:570] INFO 数据存入mongo成功
2020 10:36:13 spider.py[line:580] INFO 页面为空
2020 10:36:14 spider.py[line:570] INFO 数据存入mongo成功
2020 10:36:16 spider.py[line:570] INFO 数据存入mongo成功
2020 10:36:17 spider.py[line:570] INFO 数据存入mongo成功
2020 10:36:17 spider.py[line:570] INFO 数据存入mongo成功
2020 10:36:17 spider.py[line:570] INFO 数据存入mongo成功
2020 10:36:19 spider.py[line:575] INFO 公司名不匹配
2020 10:36:19 spider.py[line:580] INFO 页面为空
2020 10:36:20 spider.py[line:580] INFO 页面为空
2020 10:36:20 spider.py[line:570] INFO 数据存入mongo成功
2020 10:36:21 spider.py[line:570] INFO 数据存入mongo成功
2020 10:36:23 spider.py[line:570] INFO 数据存入mongo成功
2020 10:36:24 spider.py[line:570] INFO 数据存入mongo成功
2020 10:36:24 spider.py[line:570] INFO 数据存入mongo成功
2020 10:36:25 spider.py[line:580] INFO 页面为空
2020 10:36:25 spider.py[line:580] INFO 页面为空
2020 10:36:25 spider.py[line:570] INFO 数据存入mongo成功
2020 10:36:29 spider.py[line:570] INFO 数据存入mongo成功
2020 10:36:29 spider.py[line:570] INFO 数据存入mongo成功
2020 10:36:30 spider.py[line:570] INFO 数据存入mongo成功
2020 10:36:30 spider.py[line:591] INFO HTTPSConnectionPool(host='shuidi.cn', port=443): Max retries exceeded with url: /company-c19d956ec709254c7552b34faba3dbc6.html?from_search=1 (Caused by ProxyError('Cannot connect to proxy.', RemoteDisconnected('Remote end closed connection without response',)))
2020 10:36:30 spider.py[line:570] INFO 数据存入mongo成功
2020 10:36:32 spider.py[line:570] INFO 数据存入mongo成功
2020 10:36:34 spider.py[line:570] INFO 数据存入mongo成功
2020 10:36:34 spider.py[line:570] INFO 数据存入mongo成功
2020 10:36:36 spider.py[line:570] INFO 数据存入mongo成功
2020 10:36:36 spider.py[line:570] INFO 数据存入mongo成功
2020 10:36:38 spider.py[line:570] INFO 数据存入mongo成功
2020 10:36:38 spider.py[line:570] INFO 数据存入mongo成功
2020 10:36:39 spider.py[line:570] INFO 数据存入mongo成功
2020 10:36:40 spider.py[line:570] INFO 数据存入mongo成功
2020 10:36:42 spider.py[line:570] INFO 数据存入mongo成功
2020 10:36:43 spider.py[line:570] INFO 数据存入mongo成功
2020 10:36:44 spider.py[line:580] INFO 页面为空
2020 10:36:44 spider.py[line:570] INFO 数据存入mongo成功
2020 10:36:46 spider.py[line:570] INFO 数据存入mongo成功
2020 10:36:48 spider.py[line:570] INFO 数据存入mongo成功
2020 10:36:48 spider.py[line:570] INFO 数据存入mongo成功
2020 10:36:49 spider.py[line:575] INFO 公司名不匹配
2020 10:36:49 spider.py[line:570] INFO 数据存入mongo成功
2020 10:36:50 spider.py[line:570] INFO 数据存入mongo成功
2020 10:36:52 spider.py[line:570] INFO 数据存入mongo成功
2020 10:36:53 spider.py[line:580] INFO 页面为空
2020 10:36:53 spider.py[line:570] INFO 数据存入mongo成功
2020 10:36:53 spider.py[line:570] INFO 数据存入mongo成功
2020 10:36:54 spider.py[line:580] INFO 页面为空
2020 10:36:54 spider.py[line:575] INFO 公司名不匹配
2020 10:36:56 spider.py[line:570] INFO 数据存入mongo成功
2020 10:36:56 spider.py[line:580] INFO 页面为空
2020 10:36:57 spider.py[line:570] INFO 数据存入mongo成功
2020 10:36:59 spider.py[line:570] INFO 数据存入mongo成功
2020 10:37:00 spider.py[line:570] INFO 数据存入mongo成功
2020 10:37:00 spider.py[line:580] INFO 页面为空
2020 10:37:01 spider.py[line:570] INFO 数据存入mongo成功
2020 10:37:03 spider.py[line:591] INFO HTTPSConnectionPool(host='shuidi.cn', port=443): Max retries exceeded with url: /b-search?key=%E7%9F%B3%E5%AE%B6%E5%BA%84%E5%8D%9A%E5%AE%A3%E5%95%86%E8%B4%B8%E6%9C%89%E9%99%90%E5%85%AC%E5%8F%B8 (Caused by ProxyError('Cannot connect to proxy.', OSError('Tunnel connection failed: 503 Service Temporarily Unavailable',)))
2020 10:37:04 spider.py[line:570] INFO 数据存入mongo成功
2020 10:37:04 spider.py[line:570] INFO 数据存入mongo成功
2020 10:37:05 spider.py[line:570] INFO 数据存入mongo成功
2020 10:37:06 spider.py[line:570] INFO 数据存入mongo成功
2020 10:37:08 spider.py[line:570] INFO 数据存入mongo成功
2020 10:37:08 spider.py[line:570] INFO 数据存入mongo成功
2020 10:37:09 spider.py[line:575] INFO 公司名不匹配
2020 10:37:09 spider.py[line:570] INFO 数据存入mongo成功
2020 10:37:11 spider.py[line:570] INFO 数据存入mongo成功
2020 10:37:12 spider.py[line:570] INFO 数据存入mongo成功
2020 10:37:13 spider.py[line:580] INFO 页面为空
2020 10:37:14 spider.py[line:570] INFO 数据存入mongo成功
2020 10:37:15 spider.py[line:580] INFO 页面为空
2020 10:37:15 spider.py[line:570] INFO 数据存入mongo成功
2020 10:37:16 spider.py[line:570] INFO 数据存入mongo成功
2020 10:37:18 spider.py[line:570] INFO 数据存入mongo成功
2020 10:37:18 spider.py[line:570] INFO 数据存入mongo成功
2020 10:37:20 spider.py[line:570] INFO 数据存入mongo成功
2020 10:37:21 spider.py[line:580] INFO 页面为空
2020 10:37:22 spider.py[line:570] INFO 数据存入mongo成功
2020 10:37:25 spider.py[line:570] INFO 数据存入mongo成功
2020 10:37:25 spider.py[line:570] INFO 数据存入mongo成功
2020 10:37:25 spider.py[line:570] INFO 数据存入mongo成功
2020 10:37:28 spider.py[line:570] INFO 数据存入mongo成功
2020 10:37:29 spider.py[line:570] INFO 数据存入mongo成功
2020 10:37:29 spider.py[line:570] INFO 数据存入mongo成功
2020 10:37:32 spider.py[line:570] INFO 数据存入mongo成功
2020 10:37:32 spider.py[line:570] INFO 数据存入mongo成功
2020 10:37:32 spider.py[line:580] INFO 页面为空
2020 10:37:33 spider.py[line:570] INFO 数据存入mongo成功
2020 10:37:33 spider.py[line:580] INFO 页面为空
2020 10:37:34 spider.py[line:570] INFO 数据存入mongo成功
2020 10:37:36 spider.py[line:570] INFO 数据存入mongo成功
2020 10:37:37 spider.py[line:570] INFO 数据存入mongo成功
2020 10:37:37 spider.py[line:570] INFO 数据存入mongo成功
2020 10:37:38 spider.py[line:570] INFO 数据存入mongo成功
2020 10:37:39 spider.py[line:570] INFO 数据存入mongo成功
2020 10:37:40 spider.py[line:570] INFO 数据存入mongo成功
2020 10:37:43 spider.py[line:591] INFO HTTPSConnectionPool(host='shuidi.cn', port=443): Max retries exceeded with url: /b-search?key=%E6%B9%96%E5%8D%97%E9%95%BF%E9%93%B6%E8%9E%8D%E8%B5%84%E6%8B%85%E4%BF%9D%E6%9C%89%E9%99%90%E5%85%AC%E5%8F%B8 (Caused by SSLError(SSLEOFError(8, 'EOF occurred in violation of protocol (_ssl.c:847)'),))
2020 10:37:44 spider.py[line:570] INFO 数据存入mongo成功
2020 10:37:46 spider.py[line:570] INFO 数据存入mongo成功
2020 10:37:47 spider.py[line:570] INFO 数据存入mongo成功
2020 10:37:48 spider.py[line:570] INFO 数据存入mongo成功
2020 10:37:51 spider.py[line:570] INFO 数据存入mongo成功
2020 10:37:51 spider.py[line:570] INFO 数据存入mongo成功
2020 10:37:56 spider.py[line:570] INFO 数据存入mongo成功
2020 10:38:00 spider.py[line:570] INFO 数据存入mongo成功
2020 10:38:00 spider.py[line:570] INFO 数据存入mongo成功
2020 10:38:01 spider.py[line:580] INFO 页面为空
2020 10:38:01 spider.py[line:570] INFO 数据存入mongo成功
2020 10:38:02 spider.py[line:580] INFO 页面为空
2020 10:38:02 spider.py[line:570] INFO 数据存入mongo成功
2020 10:38:06 spider.py[line:570] INFO 数据存入mongo成功
2020 10:38:07 spider.py[line:570] INFO 数据存入mongo成功
2020 10:38:08 spider.py[line:570] INFO 数据存入mongo成功
2020 10:38:09 spider.py[line:570] INFO 数据存入mongo成功
2020 10:38:09 spider.py[line:570] INFO 数据存入mongo成功
2020 10:38:12 spider.py[line:570] INFO 数据存入mongo成功
2020 10:38:12 spider.py[line:570] INFO 数据存入mongo成功
2020 10:38:13 spider.py[line:570] INFO 数据存入mongo成功
2020 10:38:13 spider.py[line:580] INFO 页面为空
2020 10:38:15 spider.py[line:570] INFO 数据存入mongo成功
2020 10:38:17 spider.py[line:570] INFO 数据存入mongo成功
2020 10:38:17 spider.py[line:570] INFO 数据存入mongo成功
2020 10:38:17 spider.py[line:570] INFO 数据存入mongo成功
2020 10:38:18 spider.py[line:575] INFO 公司名不匹配
2020 10:38:19 spider.py[line:570] INFO 数据存入mongo成功
2020 10:38:21 spider.py[line:570] INFO 数据存入mongo成功
2020 10:38:22 spider.py[line:570] INFO 数据存入mongo成功
2020 10:38:22 spider.py[line:580] INFO 页面为空
2020 10:38:22 spider.py[line:570] INFO 数据存入mongo成功
2020 10:38:22 spider.py[line:570] INFO 数据存入mongo成功
2020 10:38:26 spider.py[line:570] INFO 数据存入mongo成功
2020 10:38:27 spider.py[line:570] INFO 数据存入mongo成功
2020 10:38:30 spider.py[line:570] INFO 数据存入mongo成功
2020 10:38:30 spider.py[line:570] INFO 数据存入mongo成功
2020 10:38:30 spider.py[line:570] INFO 数据存入mongo成功
2020 10:38:31 spider.py[line:580] INFO 页面为空
2020 10:38:31 spider.py[line:580] INFO 页面为空
2020 10:38:32 spider.py[line:570] INFO 数据存入mongo成功
2020 10:38:33 spider.py[line:580] INFO 页面为空
2020 10:38:34 spider.py[line:570] INFO 数据存入mongo成功
2020 10:38:34 spider.py[line:570] INFO 数据存入mongo成功
2020 10:38:35 spider.py[line:580] INFO 页面为空
2020 10:38:37 spider.py[line:570] INFO 数据存入mongo成功
2020 10:38:37 spider.py[line:570] INFO 数据存入mongo成功
2020 10:38:38 spider.py[line:570] INFO 数据存入mongo成功
2020 10:38:38 spider.py[line:580] INFO 页面为空
2020 10:38:38 spider.py[line:570] INFO 数据存入mongo成功
2020 10:38:40 spider.py[line:570] INFO 数据存入mongo成功
2020 10:38:42 spider.py[line:570] INFO 数据存入mongo成功
2020 10:38:43 spider.py[line:570] INFO 数据存入mongo成功
2020 10:38:43 spider.py[line:570] INFO 数据存入mongo成功
2020 10:38:43 spider.py[line:570] INFO 数据存入mongo成功
2020 10:38:43 spider.py[line:580] INFO 页面为空
2020 10:38:47 spider.py[line:570] INFO 数据存入mongo成功
2020 10:38:49 spider.py[line:570] INFO 数据存入mongo成功
2020 10:38:49 spider.py[line:570] INFO 数据存入mongo成功
2020 10:38:50 spider.py[line:580] INFO 页面为空
2020 10:38:50 spider.py[line:570] INFO 数据存入mongo成功
2020 10:38:51 spider.py[line:580] INFO 页面为空
2020 10:38:52 spider.py[line:570] INFO 数据存入mongo成功
2020 10:38:53 spider.py[line:580] INFO 页面为空
2020 10:38:54 spider.py[line:580] INFO 页面为空
2020 10:38:54 spider.py[line:570] INFO 数据存入mongo成功
2020 10:38:57 spider.py[line:570] INFO 数据存入mongo成功
2020 10:38:59 spider.py[line:570] INFO 数据存入mongo成功
2020 10:38:59 spider.py[line:570] INFO 数据存入mongo成功
2020 10:38:59 spider.py[line:570] INFO 数据存入mongo成功
2020 10:39:00 spider.py[line:575] INFO 公司名不匹配
2020 10:39:01 spider.py[line:580] INFO 页面为空
2020 10:39:02 spider.py[line:570] INFO 数据存入mongo成功
2020 10:39:03 spider.py[line:570] INFO 数据存入mongo成功
2020 10:39:04 spider.py[line:570] INFO 数据存入mongo成功
2020 10:39:06 spider.py[line:570] INFO 数据存入mongo成功
2020 10:39:07 spider.py[line:570] INFO 数据存入mongo成功
2020 10:39:07 spider.py[line:570] INFO 数据存入mongo成功
2020 10:39:08 spider.py[line:570] INFO 数据存入mongo成功
2020 10:39:08 spider.py[line:580] INFO 页面为空
2020 10:39:10 spider.py[line:570] INFO 数据存入mongo成功
2020 10:39:11 spider.py[line:570] INFO 数据存入mongo成功
2020 10:39:12 spider.py[line:570] INFO 数据存入mongo成功
2020 10:39:12 spider.py[line:570] INFO 数据存入mongo成功
2020 10:39:14 spider.py[line:570] INFO 数据存入mongo成功
2020 10:39:15 spider.py[line:570] INFO 数据存入mongo成功
2020 10:39:16 spider.py[line:570] INFO 数据存入mongo成功
2020 10:39:16 spider.py[line:580] INFO 页面为空
2020 10:39:16 spider.py[line:570] INFO 数据存入mongo成功
2020 10:39:20 spider.py[line:570] INFO 数据存入mongo成功
2020 10:39:20 spider.py[line:570] INFO 数据存入mongo成功
2020 10:39:21 spider.py[line:580] INFO 页面为空
2020 10:39:21 spider.py[line:570] INFO 数据存入mongo成功
2020 10:39:21 spider.py[line:570] INFO 数据存入mongo成功
2020 10:39:25 spider.py[line:570] INFO 数据存入mongo成功
2020 10:39:25 spider.py[line:570] INFO 数据存入mongo成功
2020 10:39:25 spider.py[line:570] INFO 数据存入mongo成功
2020 10:39:27 spider.py[line:570] INFO 数据存入mongo成功
2020 10:39:29 spider.py[line:570] INFO 数据存入mongo成功
2020 10:39:29 spider.py[line:570] INFO 数据存入mongo成功
2020 10:39:29 spider.py[line:570] INFO 数据存入mongo成功
2020 10:39:31 spider.py[line:570] INFO 数据存入mongo成功
2020 10:39:33 spider.py[line:570] INFO 数据存入mongo成功
2020 10:39:34 spider.py[line:570] INFO 数据存入mongo成功
2020 10:39:34 spider.py[line:570] INFO 数据存入mongo成功
2020 10:39:34 spider.py[line:580] INFO 页面为空
2020 10:39:35 spider.py[line:580] INFO 页面为空
2020 10:39:35 spider.py[line:570] INFO 数据存入mongo成功
2020 10:39:37 spider.py[line:570] INFO 数据存入mongo成功
2020 10:39:39 spider.py[line:570] INFO 数据存入mongo成功
2020 10:39:41 spider.py[line:570] INFO 数据存入mongo成功
2020 10:39:41 spider.py[line:570] INFO 数据存入mongo成功
2020 10:39:42 spider.py[line:570] INFO 数据存入mongo成功
2020 10:39:43 spider.py[line:580] INFO 页面为空
2020 10:39:44 spider.py[line:580] INFO 页面为空
2020 10:39:45 spider.py[line:570] INFO 数据存入mongo成功
2020 10:39:46 spider.py[line:580] INFO 页面为空
2020 10:39:47 spider.py[line:570] INFO 数据存入mongo成功
2020 10:39:48 spider.py[line:570] INFO 数据存入mongo成功
2020 10:39:49 spider.py[line:570] INFO 数据存入mongo成功
2020 10:39:50 spider.py[line:570] INFO 数据存入mongo成功
2020 10:39:51 spider.py[line:591] INFO HTTPSConnectionPool(host='shuidi.cn', port=443): Max retries exceeded with url: /b-search?key=%E4%B8%AD%E5%9B%BD%E7%A7%BB%E5%8A%A8%E9%80%9A%E4%BF%A1%E9%9B%86%E5%9B%A2%E6%B9%96%E5%8D%97%E6%9C%89%E9%99%90%E5%85%AC%E5%8F%B8%E9%95%BF%E6%B2%99%E5%B8%82%E6%B5%8F%E9%98%B3%E5%B8%82%E5%88%86%E5%85%AC%E5%8F%B8 (Caused by SSLError(SSLEOFError(8, 'EOF occurred in violation of protocol (_ssl.c:847)'),))
2020 10:39:54 spider.py[line:570] INFO 数据存入mongo成功
2020 10:39:55 spider.py[line:570] INFO 数据存入mongo成功
2020 10:39:56 spider.py[line:570] INFO 数据存入mongo成功
2020 10:39:57 spider.py[line:580] INFO 页面为空
2020 10:39:58 spider.py[line:580] INFO 页面为空
2020 10:39:59 spider.py[line:570] INFO 数据存入mongo成功
2020 10:40:00 spider.py[line:570] INFO 数据存入mongo成功
2020 10:40:00 spider.py[line:570] INFO 数据存入mongo成功
2020 10:40:03 spider.py[line:570] INFO 数据存入mongo成功
2020 10:40:04 spider.py[line:570] INFO 数据存入mongo成功
2020 10:40:04 spider.py[line:570] INFO 数据存入mongo成功
2020 10:40:04 spider.py[line:570] INFO 数据存入mongo成功
2020 10:40:04 spider.py[line:580] INFO 页面为空
2020 10:40:05 spider.py[line:580] INFO 页面为空
2020 10:40:07 spider.py[line:570] INFO 数据存入mongo成功
2020 10:40:09 spider.py[line:570] INFO 数据存入mongo成功
2020 10:40:09 spider.py[line:570] INFO 数据存入mongo成功
2020 10:40:10 spider.py[line:570] INFO 数据存入mongo成功
2020 10:40:11 spider.py[line:580] INFO 页面为空
2020 10:40:12 spider.py[line:570] INFO 数据存入mongo成功
2020 10:40:13 spider.py[line:580] INFO 页面为空
2020 10:40:13 spider.py[line:570] INFO 数据存入mongo成功
2020 10:40:14 spider.py[line:570] INFO 数据存入mongo成功
2020 10:40:17 spider.py[line:570] INFO 数据存入mongo成功
2020 10:40:17 spider.py[line:570] INFO 数据存入mongo成功
2020 10:40:17 spider.py[line:580] INFO 页面为空
2020 10:40:19 spider.py[line:570] INFO 数据存入mongo成功
2020 10:40:19 spider.py[line:570] INFO 数据存入mongo成功
2020 10:40:19 spider.py[line:580] INFO 页面为空
2020 10:40:21 spider.py[line:570] INFO 数据存入mongo成功
2020 10:40:21 spider.py[line:570] INFO 数据存入mongo成功
2020 10:40:22 spider.py[line:570] INFO 数据存入mongo成功
2020 10:40:24 spider.py[line:570] INFO 数据存入mongo成功
2020 10:40:26 spider.py[line:570] INFO 数据存入mongo成功
2020 10:40:26 spider.py[line:570] INFO 数据存入mongo成功
2020 10:40:26 spider.py[line:570] INFO 数据存入mongo成功
2020 10:40:28 spider.py[line:570] INFO 数据存入mongo成功
2020 10:40:30 spider.py[line:570] INFO 数据存入mongo成功
2020 10:40:30 spider.py[line:570] INFO 数据存入mongo成功
2020 10:40:30 spider.py[line:570] INFO 数据存入mongo成功
2020 10:40:31 spider.py[line:580] INFO 页面为空
2020 10:40:32 spider.py[line:570] INFO 数据存入mongo成功
2020 10:40:34 spider.py[line:570] INFO 数据存入mongo成功
2020 10:40:35 spider.py[line:570] INFO 数据存入mongo成功
2020 10:40:35 spider.py[line:570] INFO 数据存入mongo成功
2020 10:40:37 spider.py[line:570] INFO 数据存入mongo成功
2020 10:40:37 spider.py[line:570] INFO 数据存入mongo成功
2020 10:40:38 spider.py[line:570] INFO 数据存入mongo成功
2020 10:40:39 spider.py[line:570] INFO 数据存入mongo成功
2020 10:40:41 spider.py[line:580] INFO 页面为空
2020 10:40:42 spider.py[line:570] INFO 数据存入mongo成功
2020 10:40:42 spider.py[line:570] INFO 数据存入mongo成功
2020 10:40:43 spider.py[line:580] INFO 页面为空
2020 10:40:44 spider.py[line:570] INFO 数据存入mongo成功
2020 10:40:45 spider.py[line:570] INFO 数据存入mongo成功
2020 10:40:47 spider.py[line:570] INFO 数据存入mongo成功
2020 10:40:47 spider.py[line:570] INFO 数据存入mongo成功
2020 10:40:47 spider.py[line:580] INFO 页面为空
2020 10:40:47 spider.py[line:570] INFO 数据存入mongo成功
2020 10:40:51 spider.py[line:570] INFO 数据存入mongo成功
2020 10:40:51 spider.py[line:580] INFO 页面为空
2020 10:40:51 spider.py[line:570] INFO 数据存入mongo成功
2020 10:40:52 spider.py[line:570] INFO 数据存入mongo成功
2020 10:40:52 spider.py[line:580] INFO 页面为空
2020 10:40:52 spider.py[line:575] INFO 公司名不匹配
2020 10:40:52 spider.py[line:580] INFO 页面为空
2020 10:40:53 spider.py[line:580] INFO 页面为空
2020 10:40:56 spider.py[line:570] INFO 数据存入mongo成功
2020 10:40:56 spider.py[line:570] INFO 数据存入mongo成功
2020 10:40:57 spider.py[line:570] INFO 数据存入mongo成功
2020 10:41:00 spider.py[line:570] INFO 数据存入mongo成功
2020 10:41:00 spider.py[line:570] INFO 数据存入mongo成功
2020 10:41:00 spider.py[line:580] INFO 页面为空
2020 10:41:01 spider.py[line:570] INFO 数据存入mongo成功
2020 10:41:02 spider.py[line:575] INFO 公司名不匹配
2020 10:41:04 spider.py[line:570] INFO 数据存入mongo成功
2020 10:41:06 spider.py[line:570] INFO 数据存入mongo成功
2020 10:41:06 spider.py[line:580] INFO 页面为空
2020 10:41:08 spider.py[line:570] INFO 数据存入mongo成功
2020 10:41:10 spider.py[line:570] INFO 数据存入mongo成功
2020 10:41:11 spider.py[line:570] INFO 数据存入mongo成功
2020 10:41:13 spider.py[line:570] INFO 数据存入mongo成功
2020 10:41:17 spider.py[line:570] INFO 数据存入mongo成功
2020 10:41:18 spider.py[line:580] INFO 页面为空
2020 10:41:20 spider.py[line:570] INFO 数据存入mongo成功
2020 10:41:22 spider.py[line:570] INFO 数据存入mongo成功
2020 10:41:24 spider.py[line:570] INFO 数据存入mongo成功
2020 10:41:25 spider.py[line:570] INFO 数据存入mongo成功
2020 10:41:28 spider.py[line:570] INFO 数据存入mongo成功
2020 10:41:28 spider.py[line:580] INFO 页面为空
2020 10:41:32 spider.py[line:570] INFO 数据存入mongo成功
2020 10:41:33 spider.py[line:570] INFO 数据存入mongo成功
2020 10:41:34 spider.py[line:580] INFO 页面为空
2020 10:41:35 spider.py[line:580] INFO 页面为空
2020 10:41:38 spider.py[line:570] INFO 数据存入mongo成功
2020 10:41:42 spider.py[line:570] INFO 数据存入mongo成功
